This file contains any messages produced by compilers while
running configure, to aid debugging if configure makes a mistake.

It was created by Samana Check WinRM configure 1.0, which was
generated by GNU Autoconf 2.71.  Invocation command line was

  $ ./configure NP_PATH=../nagios-plugins

## --------- ##
## Platform. ##
## --------- ##

hostname = b61af55cb7ef
uname -m = x86_64
uname -r = 5.15.0-57-generic
uname -s = Linux
uname -v = #63-Ubuntu SMP Thu Nov 24 13:43:17 UTC 2022

/usr/bin/uname -p = x86_64
/bin/uname -X     = unknown

/bin/arch              = x86_64
/usr/bin/arch -k       = unknown
/usr/convex/getsysinfo = unknown
/usr/bin/hostinfo      = unknown
/bin/machine           = unknown
/usr/bin/oslevel       = unknown
/bin/universe          = unknown

PATH: /usr/local/sbin/
PATH: /usr/local/bin/
PATH: /usr/sbin/
PATH: /usr/bin/
PATH: /sbin/
PATH: /bin/


## ----------- ##
## Core tests. ##
## ----------- ##

configure:2539: looking for aux files: config.guess config.sub compile missing install-sh
configure:2552:  trying ./
configure:2581:   ./config.guess found
configure:2581:   ./config.sub found
configure:2581:   ./compile found
configure:2581:   ./missing found
configure:2563:   ./install-sh found
configure:2714: checking for a BSD-compatible install
configure:2787: result: /usr/bin/install -c
configure:2798: checking whether build environment is sane
configure:2853: result: yes
configure:3012: checking for a race-free mkdir -p
configure:3056: result: /usr/bin/mkdir -p
configure:3063: checking for gawk
configure:3098: result: no
configure:3063: checking for mawk
configure:3084: found /usr/bin/mawk
configure:3095: result: mawk
configure:3106: checking whether make sets $(MAKE)
configure:3129: result: yes
configure:3159: checking whether make supports nested variables
configure:3177: result: yes
configure:3377: checking for gcc
configure:3398: found /usr/bin/gcc
configure:3409: result: gcc
configure:3762: checking for C compiler version
configure:3771: gcc --version >&5
gcc (Ubuntu 11.3.0-1ubuntu1~22.04) 11.3.0
Copyright (C) 2021 Free Software Foundation, Inc.
This is free software; see the source for copying conditions.  There is NO
warranty; not even for MERCHANTABILITY or FITNESS FOR A PARTICULAR PURPOSE.

configure:3782: $? = 0
configure:3771: gcc -v >&5
Using built-in specs.
COLLECT_GCC=gcc
COLLECT_LTO_WRAPPER=/usr/lib/gcc/x86_64-linux-gnu/11/lto-wrapper
OFFLOAD_TARGET_NAMES=nvptx-none:amdgcn-amdhsa
OFFLOAD_TARGET_DEFAULT=1
Target: x86_64-linux-gnu
Configured with: ../src/configure -v --with-pkgversion='Ubuntu 11.3.0-1ubuntu1~22.04' --with-bugurl=file:///usr/share/doc/gcc-11/README.Bugs --enable-languages=c,ada,c++,go,brig,d,fortran,objc,obj-c++,m2 --prefix=/usr --with-gcc-major-version-only --program-suffix=-11 --program-prefix=x86_64-linux-gnu- --enable-shared --enable-linker-build-id --libexecdir=/usr/lib --without-included-gettext --enable-threads=posix --libdir=/usr/lib --enable-nls --enable-bootstrap --enable-clocale=gnu --enable-libstdcxx-debug --enable-libstdcxx-time=yes --with-default-libstdcxx-abi=new --enable-gnu-unique-object --disable-vtable-verify --enable-plugin --enable-default-pie --with-system-zlib --enable-libphobos-checking=release --with-target-system-zlib=auto --enable-objc-gc=auto --enable-multiarch --disable-werror --enable-cet --with-arch-32=i686 --with-abi=m64 --with-multilib-list=m32,m64,mx32 --enable-multilib --with-tune=generic --enable-offload-targets=nvptx-none=/build/gcc-11-xKiWfi/gcc-11-11.3.0/debian/tmp-nvptx/usr,amdgcn-amdhsa=/build/gcc-11-xKiWfi/gcc-11-11.3.0/debian/tmp-gcn/usr --without-cuda-driver --enable-checking=release --build=x86_64-linux-gnu --host=x86_64-linux-gnu --target=x86_64-linux-gnu --with-build-config=bootstrap-lto-lean --enable-link-serialization=2
Thread model: posix
Supported LTO compression algorithms: zlib zstd
gcc version 11.3.0 (Ubuntu 11.3.0-1ubuntu1~22.04) 
... rest of stderr output deleted ...
configure:3782: $? = 0
configure:3771: gcc -V >&5
gcc: error: unrecognized command-line option '-V'
gcc: fatal error: no input files
compilation terminated.
configure:3782: $? = 1
configure:3771: gcc -qversion >&5
gcc: error: unrecognized command-line option '-qversion'; did you mean '--version'?
gcc: fatal error: no input files
compilation terminated.
configure:3782: $? = 1
configure:3771: gcc -version >&5
gcc: error: unrecognized command-line option '-version'
gcc: fatal error: no input files
compilation terminated.
configure:3782: $? = 1
configure:3802: checking whether the C compiler works
configure:3824: gcc    conftest.c  >&5
configure:3828: $? = 0
configure:3878: result: yes
configure:3881: checking for C compiler default output file name
configure:3883: result: a.out
configure:3889: checking for suffix of executables
configure:3896: gcc -o conftest    conftest.c  >&5
configure:3900: $? = 0
configure:3923: result: 
configure:3945: checking whether we are cross compiling
configure:3953: gcc -o conftest    conftest.c  >&5
configure:3957: $? = 0
configure:3964: ./conftest
configure:3968: $? = 0
configure:3983: result: no
configure:3988: checking for suffix of object files
configure:4011: gcc -c   conftest.c >&5
configure:4015: $? = 0
configure:4037: result: o
configure:4041: checking whether the compiler supports GNU C
configure:4061: gcc -c   conftest.c >&5
configure:4061: $? = 0
configure:4071: result: yes
configure:4082: checking whether gcc accepts -g
configure:4103: gcc -c -g  conftest.c >&5
configure:4103: $? = 0
configure:4147: result: yes
configure:4167: checking for gcc option to enable C11 features
configure:4182: gcc  -c -g -O2  conftest.c >&5
configure:4182: $? = 0
configure:4200: result: none needed
configure:4316: checking whether gcc understands -c and -o together
configure:4339: gcc -c conftest.c -o conftest2.o
configure:4342: $? = 0
configure:4339: gcc -c conftest.c -o conftest2.o
configure:4342: $? = 0
configure:4354: result: yes
configure:4374: checking whether make supports the include directive
configure:4389: make -f confmf.GNU && cat confinc.out
make: Warning: File 'confinc.mk' has modification time 0.078 s in the future
make: warning:  Clock skew detected.  Your build may be incomplete.
this is the am__doit target
configure:4392: $? = 0
configure:4411: result: yes (GNU style)
configure:4437: checking dependency style of gcc
configure:4549: result: gcc3
configure:4569: checking for BIO_new in -lcrypto
configure:4592: gcc -o conftest -g -O2   conftest.c -lcrypto   >&5
configure:4592: $? = 0
configure:4602: result: yes
configure:4614: checking for curl_easy_init in -lcurl
configure:4637: gcc -o conftest -g -O2   conftest.c -lcurl  -lcrypto  >&5
configure:4637: $? = 0
configure:4647: result: yes
configure:4659: checking for gss_import_name in -lgssapi_krb5
configure:4682: gcc -o conftest -g -O2   conftest.c -lgssapi_krb5  -lcurl -lcrypto  >&5
configure:4682: $? = 0
configure:4692: result: yes
configure:4704: checking for uuid_unparse_upper in -luuid
configure:4727: gcc -o conftest -g -O2   conftest.c -luuid  -lgssapi_krb5 -lcurl -lcrypto  >&5
configure:4727: $? = 0
configure:4737: result: yes
configure:4749: checking for xmlNewDoc in -lxml2
configure:4772: gcc -o conftest -g -O2   conftest.c -lxml2  -luuid -lgssapi_krb5 -lcurl -lcrypto  >&5
configure:4772: $? = 0
configure:4782: result: yes
configure:4796: checking for ../nagios-plugins/plugins/libnpcommon.a
configure:4811: result: yes
configure:4821: checking for ../nagios-plugins/lib/libnagiosplug.a
configure:4836: result: yes
configure:4846: checking for ../nagios-plugins/gl/libgnu.a
configure:4861: result: yes
configure:4875: checking for stdio.h
configure:4875: gcc -c -g -O2  conftest.c >&5
configure:4875: $? = 0
configure:4875: result: yes
configure:4875: checking for stdlib.h
configure:4875: gcc -c -g -O2  conftest.c >&5
configure:4875: $? = 0
configure:4875: result: yes
configure:4875: checking for string.h
configure:4875: gcc -c -g -O2  conftest.c >&5
configure:4875: $? = 0
configure:4875: result: yes
configure:4875: checking for inttypes.h
configure:4875: gcc -c -g -O2  conftest.c >&5
configure:4875: $? = 0
configure:4875: result: yes
configure:4875: checking for stdint.h
configure:4875: gcc -c -g -O2  conftest.c >&5
configure:4875: $? = 0
configure:4875: result: yes
configure:4875: checking for strings.h
configure:4875: gcc -c -g -O2  conftest.c >&5
configure:4875: $? = 0
configure:4875: result: yes
configure:4875: checking for sys/stat.h
configure:4875: gcc -c -g -O2  conftest.c >&5
configure:4875: $? = 0
configure:4875: result: yes
configure:4875: checking for sys/types.h
configure:4875: gcc -c -g -O2  conftest.c >&5
configure:4875: $? = 0
configure:4875: result: yes
configure:4875: checking for unistd.h
configure:4875: gcc -c -g -O2  conftest.c >&5
configure:4875: $? = 0
configure:4875: result: yes
configure:4875: checking for sys/time.h
configure:4875: gcc -c -g -O2  conftest.c >&5
configure:4875: $? = 0
configure:4875: result: yes
configure:4900: checking for stdint.h
configure:4900: result: yes
configure:4906: checking for unistd.h
configure:4906: result: yes
configure:4912: checking for gssapi/gssapi_ntlmssp.h
configure:4912: gcc -c -g -O2  conftest.c >&5
configure:4912: $? = 0
configure:4912: result: yes
configure:4921: checking for int16_t
configure:4921: gcc -c -g -O2  conftest.c >&5
configure:4921: $? = 0
configure:4921: gcc -c -g -O2  conftest.c >&5
conftest.c: In function 'main':
conftest.c:62:12: error: size of array 'test_array' is negative
   62 | static int test_array [1 - 2 * !((int16_t) (((((int16_t) 1 << N) << N) - 1) * 2 + 1)
      |            ^~~~~~~~~~
configure:4921: $? = 1
configure: failed program was:
| /* confdefs.h */
| #define PACKAGE_NAME "Samana Check WinRM"
| #define PACKAGE_TARNAME "samana-check-winrm"
| #define PACKAGE_VERSION "1.0"
| #define PACKAGE_STRING "Samana Check WinRM 1.0"
| #define PACKAGE_BUGREPORT "info@samanagroup.com"
| #define PACKAGE_URL ""
| #define PACKAGE "samana-check-winrm"
| #define VERSION "1.0"
| #define HAVE_LIBCRYPTO 1
| #define HAVE_LIBCURL 1
| #define HAVE_LIBGSSAPI_KRB5 1
| #define HAVE_LIBUUID 1
| #define HAVE_LIBXML2 1
| #define HAVE_STDIO_H 1
| #define HAVE_STDLIB_H 1
| #define HAVE_STRING_H 1
| #define HAVE_INTTYPES_H 1
| #define HAVE_STDINT_H 1
| #define HAVE_STRINGS_H 1
| #define HAVE_SYS_STAT_H 1
| #define HAVE_SYS_TYPES_H 1
| #define HAVE_UNISTD_H 1
| #define HAVE_SYS_TIME_H 1
| #define STDC_HEADERS 1
| #define HAVE_STDINT_H 1
| #define HAVE_UNISTD_H 1
| #define HAVE_GSSAPI_GSSAPI_NTLMSSP_H 1
| /* end confdefs.h.  */
| #include <stddef.h>
| #ifdef HAVE_STDIO_H
| # include <stdio.h>
| #endif
| #ifdef HAVE_STDLIB_H
| # include <stdlib.h>
| #endif
| #ifdef HAVE_STRING_H
| # include <string.h>
| #endif
| #ifdef HAVE_INTTYPES_H
| # include <inttypes.h>
| #endif
| #ifdef HAVE_STDINT_H
| # include <stdint.h>
| #endif
| #ifdef HAVE_STRINGS_H
| # include <strings.h>
| #endif
| #ifdef HAVE_SYS_TYPES_H
| # include <sys/types.h>
| #endif
| #ifdef HAVE_SYS_STAT_H
| # include <sys/stat.h>
| #endif
| #ifdef HAVE_UNISTD_H
| # include <unistd.h>
| #endif
| 	        enum { N = 16 / 2 - 1 };
| int
| main (void)
| {
| static int test_array [1 - 2 * !((int16_t) (((((int16_t) 1 << N) << N) - 1) * 2 + 1)
| 		 < (int16_t) (((((int16_t) 1 << N) << N) - 1) * 2 + 2))];
| test_array [0] = 0;
| return test_array [0];
| 
|   ;
|   return 0;
| }
configure:4921: result: yes
configure:4930: checking for int32_t
configure:4930: gcc -c -g -O2  conftest.c >&5
configure:4930: $? = 0
configure:4930: gcc -c -g -O2  conftest.c >&5
conftest.c: In function 'main':
conftest.c:63:67: warning: integer overflow in expression of type 'int' results in '-2147483648' [-Woverflow]
   63 |                  < (int32_t) (((((int32_t) 1 << N) << N) - 1) * 2 + 2))];
      |                                                                   ^
conftest.c:62:12: error: storage size of 'test_array' isn't constant
   62 | static int test_array [1 - 2 * !((int32_t) (((((int32_t) 1 << N) << N) - 1) * 2 + 1)
      |            ^~~~~~~~~~
configure:4930: $? = 1
configure: failed program was:
| /* confdefs.h */
| #define PACKAGE_NAME "Samana Check WinRM"
| #define PACKAGE_TARNAME "samana-check-winrm"
| #define PACKAGE_VERSION "1.0"
| #define PACKAGE_STRING "Samana Check WinRM 1.0"
| #define PACKAGE_BUGREPORT "info@samanagroup.com"
| #define PACKAGE_URL ""
| #define PACKAGE "samana-check-winrm"
| #define VERSION "1.0"
| #define HAVE_LIBCRYPTO 1
| #define HAVE_LIBCURL 1
| #define HAVE_LIBGSSAPI_KRB5 1
| #define HAVE_LIBUUID 1
| #define HAVE_LIBXML2 1
| #define HAVE_STDIO_H 1
| #define HAVE_STDLIB_H 1
| #define HAVE_STRING_H 1
| #define HAVE_INTTYPES_H 1
| #define HAVE_STDINT_H 1
| #define HAVE_STRINGS_H 1
| #define HAVE_SYS_STAT_H 1
| #define HAVE_SYS_TYPES_H 1
| #define HAVE_UNISTD_H 1
| #define HAVE_SYS_TIME_H 1
| #define STDC_HEADERS 1
| #define HAVE_STDINT_H 1
| #define HAVE_UNISTD_H 1
| #define HAVE_GSSAPI_GSSAPI_NTLMSSP_H 1
| /* end confdefs.h.  */
| #include <stddef.h>
| #ifdef HAVE_STDIO_H
| # include <stdio.h>
| #endif
| #ifdef HAVE_STDLIB_H
| # include <stdlib.h>
| #endif
| #ifdef HAVE_STRING_H
| # include <string.h>
| #endif
| #ifdef HAVE_INTTYPES_H
| # include <inttypes.h>
| #endif
| #ifdef HAVE_STDINT_H
| # include <stdint.h>
| #endif
| #ifdef HAVE_STRINGS_H
| # include <strings.h>
| #endif
| #ifdef HAVE_SYS_TYPES_H
| # include <sys/types.h>
| #endif
| #ifdef HAVE_SYS_STAT_H
| # include <sys/stat.h>
| #endif
| #ifdef HAVE_UNISTD_H
| # include <unistd.h>
| #endif
| 	        enum { N = 32 / 2 - 1 };
| int
| main (void)
| {
| static int test_array [1 - 2 * !((int32_t) (((((int32_t) 1 << N) << N) - 1) * 2 + 1)
| 		 < (int32_t) (((((int32_t) 1 << N) << N) - 1) * 2 + 2))];
| test_array [0] = 0;
| return test_array [0];
| 
|   ;
|   return 0;
| }
configure:4930: result: yes
configure:4939: checking for int64_t
configure:4939: gcc -c -g -O2  conftest.c >&5
configure:4939: $? = 0
configure:4939: gcc -c -g -O2  conftest.c >&5
conftest.c: In function 'main':
conftest.c:63:67: warning: integer overflow in expression of type 'long int' results in '-9223372036854775808' [-Woverflow]
   63 |                  < (int64_t) (((((int64_t) 1 << N) << N) - 1) * 2 + 2))];
      |                                                                   ^
conftest.c:62:12: error: storage size of 'test_array' isn't constant
   62 | static int test_array [1 - 2 * !((int64_t) (((((int64_t) 1 << N) << N) - 1) * 2 + 1)
      |            ^~~~~~~~~~
configure:4939: $? = 1
configure: failed program was:
| /* confdefs.h */
| #define PACKAGE_NAME "Samana Check WinRM"
| #define PACKAGE_TARNAME "samana-check-winrm"
| #define PACKAGE_VERSION "1.0"
| #define PACKAGE_STRING "Samana Check WinRM 1.0"
| #define PACKAGE_BUGREPORT "info@samanagroup.com"
| #define PACKAGE_URL ""
| #define PACKAGE "samana-check-winrm"
| #define VERSION "1.0"
| #define HAVE_LIBCRYPTO 1
| #define HAVE_LIBCURL 1
| #define HAVE_LIBGSSAPI_KRB5 1
| #define HAVE_LIBUUID 1
| #define HAVE_LIBXML2 1
| #define HAVE_STDIO_H 1
| #define HAVE_STDLIB_H 1
| #define HAVE_STRING_H 1
| #define HAVE_INTTYPES_H 1
| #define HAVE_STDINT_H 1
| #define HAVE_STRINGS_H 1
| #define HAVE_SYS_STAT_H 1
| #define HAVE_SYS_TYPES_H 1
| #define HAVE_UNISTD_H 1
| #define HAVE_SYS_TIME_H 1
| #define STDC_HEADERS 1
| #define HAVE_STDINT_H 1
| #define HAVE_UNISTD_H 1
| #define HAVE_GSSAPI_GSSAPI_NTLMSSP_H 1
| /* end confdefs.h.  */
| #include <stddef.h>
| #ifdef HAVE_STDIO_H
| # include <stdio.h>
| #endif
| #ifdef HAVE_STDLIB_H
| # include <stdlib.h>
| #endif
| #ifdef HAVE_STRING_H
| # include <string.h>
| #endif
| #ifdef HAVE_INTTYPES_H
| # include <inttypes.h>
| #endif
| #ifdef HAVE_STDINT_H
| # include <stdint.h>
| #endif
| #ifdef HAVE_STRINGS_H
| # include <strings.h>
| #endif
| #ifdef HAVE_SYS_TYPES_H
| # include <sys/types.h>
| #endif
| #ifdef HAVE_SYS_STAT_H
| # include <sys/stat.h>
| #endif
| #ifdef HAVE_UNISTD_H
| # include <unistd.h>
| #endif
| 	        enum { N = 64 / 2 - 1 };
| int
| main (void)
| {
| static int test_array [1 - 2 * !((int64_t) (((((int64_t) 1 << N) << N) - 1) * 2 + 1)
| 		 < (int64_t) (((((int64_t) 1 << N) << N) - 1) * 2 + 2))];
| test_array [0] = 0;
| return test_array [0];
| 
|   ;
|   return 0;
| }
configure:4939: result: yes
configure:4948: checking for int8_t
configure:4948: gcc -c -g -O2  conftest.c >&5
configure:4948: $? = 0
configure:4948: gcc -c -g -O2  conftest.c >&5
conftest.c: In function 'main':
conftest.c:62:12: error: size of array 'test_array' is negative
   62 | static int test_array [1 - 2 * !((int8_t) (((((int8_t) 1 << N) << N) - 1) * 2 + 1)
      |            ^~~~~~~~~~
configure:4948: $? = 1
configure: failed program was:
| /* confdefs.h */
| #define PACKAGE_NAME "Samana Check WinRM"
| #define PACKAGE_TARNAME "samana-check-winrm"
| #define PACKAGE_VERSION "1.0"
| #define PACKAGE_STRING "Samana Check WinRM 1.0"
| #define PACKAGE_BUGREPORT "info@samanagroup.com"
| #define PACKAGE_URL ""
| #define PACKAGE "samana-check-winrm"
| #define VERSION "1.0"
| #define HAVE_LIBCRYPTO 1
| #define HAVE_LIBCURL 1
| #define HAVE_LIBGSSAPI_KRB5 1
| #define HAVE_LIBUUID 1
| #define HAVE_LIBXML2 1
| #define HAVE_STDIO_H 1
| #define HAVE_STDLIB_H 1
| #define HAVE_STRING_H 1
| #define HAVE_INTTYPES_H 1
| #define HAVE_STDINT_H 1
| #define HAVE_STRINGS_H 1
| #define HAVE_SYS_STAT_H 1
| #define HAVE_SYS_TYPES_H 1
| #define HAVE_UNISTD_H 1
| #define HAVE_SYS_TIME_H 1
| #define STDC_HEADERS 1
| #define HAVE_STDINT_H 1
| #define HAVE_UNISTD_H 1
| #define HAVE_GSSAPI_GSSAPI_NTLMSSP_H 1
| /* end confdefs.h.  */
| #include <stddef.h>
| #ifdef HAVE_STDIO_H
| # include <stdio.h>
| #endif
| #ifdef HAVE_STDLIB_H
| # include <stdlib.h>
| #endif
| #ifdef HAVE_STRING_H
| # include <string.h>
| #endif
| #ifdef HAVE_INTTYPES_H
| # include <inttypes.h>
| #endif
| #ifdef HAVE_STDINT_H
| # include <stdint.h>
| #endif
| #ifdef HAVE_STRINGS_H
| # include <strings.h>
| #endif
| #ifdef HAVE_SYS_TYPES_H
| # include <sys/types.h>
| #endif
| #ifdef HAVE_SYS_STAT_H
| # include <sys/stat.h>
| #endif
| #ifdef HAVE_UNISTD_H
| # include <unistd.h>
| #endif
| 	        enum { N = 8 / 2 - 1 };
| int
| main (void)
| {
| static int test_array [1 - 2 * !((int8_t) (((((int8_t) 1 << N) << N) - 1) * 2 + 1)
| 		 < (int8_t) (((((int8_t) 1 << N) << N) - 1) * 2 + 2))];
| test_array [0] = 0;
| return test_array [0];
| 
|   ;
|   return 0;
| }
configure:4948: result: yes
configure:4957: checking for size_t
configure:4957: gcc -c -g -O2  conftest.c >&5
configure:4957: $? = 0
configure:4957: gcc -c -g -O2  conftest.c >&5
conftest.c: In function 'main':
conftest.c:61:21: error: expected expression before ')' token
   61 | if (sizeof ((size_t)))
      |                     ^
configure:4957: $? = 1
configure: failed program was:
| /* confdefs.h */
| #define PACKAGE_NAME "Samana Check WinRM"
| #define PACKAGE_TARNAME "samana-check-winrm"
| #define PACKAGE_VERSION "1.0"
| #define PACKAGE_STRING "Samana Check WinRM 1.0"
| #define PACKAGE_BUGREPORT "info@samanagroup.com"
| #define PACKAGE_URL ""
| #define PACKAGE "samana-check-winrm"
| #define VERSION "1.0"
| #define HAVE_LIBCRYPTO 1
| #define HAVE_LIBCURL 1
| #define HAVE_LIBGSSAPI_KRB5 1
| #define HAVE_LIBUUID 1
| #define HAVE_LIBXML2 1
| #define HAVE_STDIO_H 1
| #define HAVE_STDLIB_H 1
| #define HAVE_STRING_H 1
| #define HAVE_INTTYPES_H 1
| #define HAVE_STDINT_H 1
| #define HAVE_STRINGS_H 1
| #define HAVE_SYS_STAT_H 1
| #define HAVE_SYS_TYPES_H 1
| #define HAVE_UNISTD_H 1
| #define HAVE_SYS_TIME_H 1
| #define STDC_HEADERS 1
| #define HAVE_STDINT_H 1
| #define HAVE_UNISTD_H 1
| #define HAVE_GSSAPI_GSSAPI_NTLMSSP_H 1
| /* end confdefs.h.  */
| #include <stddef.h>
| #ifdef HAVE_STDIO_H
| # include <stdio.h>
| #endif
| #ifdef HAVE_STDLIB_H
| # include <stdlib.h>
| #endif
| #ifdef HAVE_STRING_H
| # include <string.h>
| #endif
| #ifdef HAVE_INTTYPES_H
| # include <inttypes.h>
| #endif
| #ifdef HAVE_STDINT_H
| # include <stdint.h>
| #endif
| #ifdef HAVE_STRINGS_H
| # include <strings.h>
| #endif
| #ifdef HAVE_SYS_TYPES_H
| # include <sys/types.h>
| #endif
| #ifdef HAVE_SYS_STAT_H
| # include <sys/stat.h>
| #endif
| #ifdef HAVE_UNISTD_H
| # include <unistd.h>
| #endif
| int
| main (void)
| {
| if (sizeof ((size_t)))
| 	    return 0;
|   ;
|   return 0;
| }
configure:4957: result: yes
configure:4967: checking for uint16_t
configure:4967: gcc -c -g -O2  conftest.c >&5
configure:4967: $? = 0
configure:4967: result: yes
configure:4977: checking for uint32_t
configure:4977: gcc -c -g -O2  conftest.c >&5
configure:4977: $? = 0
configure:4977: result: yes
configure:4989: checking for uint64_t
configure:4989: gcc -c -g -O2  conftest.c >&5
configure:4989: $? = 0
configure:4989: result: yes
configure:5001: checking for uint8_t
configure:5001: gcc -c -g -O2  conftest.c >&5
configure:5001: $? = 0
configure:5001: result: yes
configure:5061: checking for ranlib
configure:5082: found /usr/bin/ranlib
configure:5093: result: ranlib
configure:5122: checking build system type
configure:5137: result: x86_64-pc-linux-gnu
configure:5157: checking host system type
configure:5171: result: x86_64-pc-linux-gnu
configure:5191: checking for GNU libc compatible malloc
configure:5223: gcc -o conftest -g -O2   conftest.c -lxml2 -luuid -lgssapi_krb5 -lcurl -lcrypto  >&5
configure:5223: $? = 0
configure:5223: ./conftest
configure:5223: $? = 0
configure:5234: result: yes
configure:5261: checking for alarm
configure:5261: gcc -o conftest -g -O2   conftest.c -lxml2 -luuid -lgssapi_krb5 -lcurl -lcrypto  >&5
configure:5261: $? = 0
configure:5261: result: yes
configure:5272: checking for working mktime
configure:5470: gcc -o conftest -g -O2   conftest.c -lxml2 -luuid -lgssapi_krb5 -lcurl -lcrypto  >&5
configure:5470: $? = 0
configure:5470: ./conftest
configure:5470: $? = 0
configure:5481: result: yes
configure:5492: checking for GNU libc compatible realloc
configure:5524: gcc -o conftest -g -O2   conftest.c -lxml2 -luuid -lgssapi_krb5 -lcurl -lcrypto  >&5
configure:5524: $? = 0
configure:5524: ./conftest
configure:5524: $? = 0
configure:5535: result: yes
configure:5557: checking for working strtod
configure:5600: gcc -o conftest -g -O2   conftest.c -lxml2 -luuid -lgssapi_krb5 -lcurl -lcrypto  >&5
configure:5600: $? = 0
configure:5600: ./conftest
configure:5600: $? = 0
configure:5611: result: yes
configure:5674: checking for alarm
configure:5674: result: yes
configure:5680: checking for clock_gettime
configure:5680: gcc -o conftest -g -O2   conftest.c -lxml2 -luuid -lgssapi_krb5 -lcurl -lcrypto  >&5
configure:5680: $? = 0
configure:5680: result: yes
configure:5686: checking for gettimeofday
configure:5686: gcc -o conftest -g -O2   conftest.c -lxml2 -luuid -lgssapi_krb5 -lcurl -lcrypto  >&5
configure:5686: $? = 0
configure:5686: result: yes
configure:5692: checking for memset
configure:5692: gcc -o conftest -g -O2   conftest.c -lxml2 -luuid -lgssapi_krb5 -lcurl -lcrypto  >&5
conftest.c:52:6: warning: conflicting types for built-in function 'memset'; expected 'void *(void *, int,  long unsigned int)' [-Wbuiltin-declaration-mismatch]
   52 | char memset ();
      |      ^~~~~~
conftest.c:44:1: note: 'memset' is declared in header '<string.h>'
   43 | #include <limits.h>
   44 | #undef memset
configure:5692: $? = 0
configure:5692: result: yes
configure:5698: checking for regcomp
configure:5698: gcc -o conftest -g -O2   conftest.c -lxml2 -luuid -lgssapi_krb5 -lcurl -lcrypto  >&5
configure:5698: $? = 0
configure:5698: result: yes
configure:5704: checking for setlocale
configure:5704: gcc -o conftest -g -O2   conftest.c -lxml2 -luuid -lgssapi_krb5 -lcurl -lcrypto  >&5
configure:5704: $? = 0
configure:5704: result: yes
configure:5710: checking for strdup
configure:5710: gcc -o conftest -g -O2   conftest.c -lxml2 -luuid -lgssapi_krb5 -lcurl -lcrypto  >&5
conftest.c:55:6: warning: conflicting types for built-in function 'strdup'; expected 'char *(const char *)' [-Wbuiltin-declaration-mismatch]
   55 | char strdup ();
      |      ^~~~~~
configure:5710: $? = 0
configure:5710: result: yes
configure:5716: checking for strndup
configure:5716: gcc -o conftest -g -O2   conftest.c -lxml2 -luuid -lgssapi_krb5 -lcurl -lcrypto  >&5
conftest.c:56:6: warning: conflicting types for built-in function 'strndup'; expected 'char *(const char *, long unsigned int)' [-Wbuiltin-declaration-mismatch]
   56 | char strndup ();
      |      ^~~~~~~
configure:5716: $? = 0
configure:5716: result: yes
configure:5722: checking for strpbrk
configure:5722: gcc -o conftest -g -O2   conftest.c -lxml2 -luuid -lgssapi_krb5 -lcurl -lcrypto  >&5
conftest.c:57:6: warning: conflicting types for built-in function 'strpbrk'; expected 'char *(const char *, const char *)' [-Wbuiltin-declaration-mismatch]
   57 | char strpbrk ();
      |      ^~~~~~~
conftest.c:49:1: note: 'strpbrk' is declared in header '<string.h>'
   48 | #include <limits.h>
   49 | #undef strpbrk
configure:5722: $? = 0
configure:5722: result: yes
configure:5728: checking for strtol
configure:5728: gcc -o conftest -g -O2   conftest.c -lxml2 -luuid -lgssapi_krb5 -lcurl -lcrypto  >&5
configure:5728: $? = 0
configure:5728: result: yes
configure:5734: checking for strtoul
configure:5734: gcc -o conftest -g -O2   conftest.c -lxml2 -luuid -lgssapi_krb5 -lcurl -lcrypto  >&5
configure:5734: $? = 0
configure:5734: result: yes
configure:5845: checking that generated files are newer than configure
configure:5851: result: done
configure:5874: creating ./config.status

## ---------------------- ##
## Running config.status. ##
## ---------------------- ##

This file was extended by Samana Check WinRM config.status 1.0, which was
generated by GNU Autoconf 2.71.  Invocation command line was

  CONFIG_FILES    = 
  CONFIG_HEADERS  = 
  CONFIG_LINKS    = 
  CONFIG_COMMANDS = 
  $ ./config.status 

on b61af55cb7ef

config.status:882: creating Makefile
config.status:882: creating src/Makefile
config.status:882: creating src/lib/Makefile
config.status:882: creating config.h
config.status:1063: config.h is unchanged
config.status:1111: executing depfiles commands
config.status:1188: cd src       && sed -e '/# am--include-marker/d' Makefile         | make -f - am--depfiles
make: Nothing to be done for 'am--depfiles'.
config.status:1193: $? = 0
config.status:1188: cd src/lib       && sed -e '/# am--include-marker/d' Makefile         | make -f - am--depfiles
make: Nothing to be done for 'am--depfiles'.
config.status:1193: $? = 0

## ---------------- ##
## Cache variables. ##
## ---------------- ##

ac_cv_build=x86_64-pc-linux-gnu
ac_cv_c_compiler_gnu=yes
ac_cv_c_int16_t=yes
ac_cv_c_int32_t=yes
ac_cv_c_int64_t=yes
ac_cv_c_int8_t=yes
ac_cv_c_uint16_t=yes
ac_cv_c_uint32_t=yes
ac_cv_c_uint64_t=yes
ac_cv_c_uint8_t=yes
ac_cv_env_CC_set=
ac_cv_env_CC_value=
ac_cv_env_CFLAGS_set=
ac_cv_env_CFLAGS_value=
ac_cv_env_CPPFLAGS_set=
ac_cv_env_CPPFLAGS_value=
ac_cv_env_LDFLAGS_set=
ac_cv_env_LDFLAGS_value=
ac_cv_env_LIBS_set=
ac_cv_env_LIBS_value=
ac_cv_env_NP_PATH_set=set
ac_cv_env_NP_PATH_value=../nagios-plugins
ac_cv_env_build_alias_set=
ac_cv_env_build_alias_value=
ac_cv_env_host_alias_set=
ac_cv_env_host_alias_value=
ac_cv_env_target_alias_set=
ac_cv_env_target_alias_value=
ac_cv_file____nagios_plugins_gl_libgnu_a=yes
ac_cv_file____nagios_plugins_lib_libnagiosplug_a=yes
ac_cv_file____nagios_plugins_plugins_libnpcommon_a=yes
ac_cv_func_alarm=yes
ac_cv_func_clock_gettime=yes
ac_cv_func_gettimeofday=yes
ac_cv_func_malloc_0_nonnull=yes
ac_cv_func_memset=yes
ac_cv_func_realloc_0_nonnull=yes
ac_cv_func_regcomp=yes
ac_cv_func_setlocale=yes
ac_cv_func_strdup=yes
ac_cv_func_strndup=yes
ac_cv_func_strpbrk=yes
ac_cv_func_strtod=yes
ac_cv_func_strtol=yes
ac_cv_func_strtoul=yes
ac_cv_func_working_mktime=yes
ac_cv_header_gssapi_gssapi_ntlmssp_h=yes
ac_cv_header_inttypes_h=yes
ac_cv_header_stdint_h=yes
ac_cv_header_stdio_h=yes
ac_cv_header_stdlib_h=yes
ac_cv_header_string_h=yes
ac_cv_header_strings_h=yes
ac_cv_header_sys_stat_h=yes
ac_cv_header_sys_time_h=yes
ac_cv_header_sys_types_h=yes
ac_cv_header_unistd_h=yes
ac_cv_host=x86_64-pc-linux-gnu
ac_cv_lib_crypto_BIO_new=yes
ac_cv_lib_curl_curl_easy_init=yes
ac_cv_lib_gssapi_krb5_gss_import_name=yes
ac_cv_lib_uuid_uuid_unparse_upper=yes
ac_cv_lib_xml2_xmlNewDoc=yes
ac_cv_objext=o
ac_cv_path_install='/usr/bin/install -c'
ac_cv_path_mkdir=/usr/bin/mkdir
ac_cv_prog_AWK=mawk
ac_cv_prog_ac_ct_CC=gcc
ac_cv_prog_ac_ct_RANLIB=ranlib
ac_cv_prog_cc_c11=
ac_cv_prog_cc_g=yes
ac_cv_prog_cc_stdc=
ac_cv_prog_make_make_set=yes
ac_cv_type_size_t=yes
am_cv_CC_dependencies_compiler_type=gcc3
am_cv_make_support_nested_variables=yes
am_cv_prog_cc_c_o=yes

## ----------------- ##
## Output variables. ##
## ----------------- ##

ACLOCAL='${SHELL} '\''/usr/src/winremote/missing'\'' aclocal-1.16'
AMDEPBACKSLASH='\'
AMDEP_FALSE='#'
AMDEP_TRUE=''
AMTAR='$${TAR-tar}'
AM_BACKSLASH='\'
AM_DEFAULT_V='$(AM_DEFAULT_VERBOSITY)'
AM_DEFAULT_VERBOSITY='1'
AM_V='$(V)'
AUTOCONF='${SHELL} '\''/usr/src/winremote/missing'\'' autoconf'
AUTOHEADER='${SHELL} '\''/usr/src/winremote/missing'\'' autoheader'
AUTOMAKE='${SHELL} '\''/usr/src/winremote/missing'\'' automake-1.16'
AWK='mawk'
CC='gcc'
CCDEPMODE='depmode=gcc3'
CFLAGS='-g -O2'
CPPFLAGS=''
CSCOPE='cscope'
CTAGS='ctags'
CYGPATH_W='echo'
DEFS='-DHAVE_CONFIG_H'
DEPDIR='.deps'
ECHO_C=''
ECHO_N='-n'
ECHO_T=''
ETAGS='etags'
EXEEXT=''
INSTALL_DATA='${INSTALL} -m 644'
INSTALL_PROGRAM='${INSTALL}'
INSTALL_SCRIPT='${INSTALL}'
INSTALL_STRIP_PROGRAM='$(install_sh) -c -s'
LDFLAGS=''
LIBOBJS=''
LIBS='-lxml2 -luuid -lgssapi_krb5 -lcurl -lcrypto '
LTLIBOBJS=''
MAKEINFO='${SHELL} '\''/usr/src/winremote/missing'\'' makeinfo'
MKDIR_P='/usr/bin/mkdir -p'
NP_PATH='../nagios-plugins'
OBJEXT='o'
PACKAGE='samana-check-winrm'
PACKAGE_BUGREPORT='info@samanagroup.com'
PACKAGE_NAME='Samana Check WinRM'
PACKAGE_STRING='Samana Check WinRM 1.0'
PACKAGE_TARNAME='samana-check-winrm'
PACKAGE_URL=''
PACKAGE_VERSION='1.0'
PATH_SEPARATOR=':'
POW_LIB=''
RANLIB='ranlib'
SET_MAKE=''
SHELL='/bin/bash'
STRIP=''
VERSION='1.0'
ac_ct_CC='gcc'
am__EXEEXT_FALSE=''
am__EXEEXT_TRUE='#'
am__fastdepCC_FALSE='#'
am__fastdepCC_TRUE=''
am__include='include'
am__isrc=''
am__leading_dot='.'
am__nodep='_no'
am__quote=''
am__tar='$${TAR-tar} chof - "$$tardir"'
am__untar='$${TAR-tar} xf -'
bindir='${exec_prefix}/bin'
build='x86_64-pc-linux-gnu'
build_alias=''
build_cpu='x86_64'
build_os='linux-gnu'
build_vendor='pc'
datadir='${datarootdir}'
datarootdir='${prefix}/share'
docdir='${datarootdir}/doc/${PACKAGE_TARNAME}'
dvidir='${docdir}'
exec_prefix='${prefix}'
host='x86_64-pc-linux-gnu'
host_alias=''
host_cpu='x86_64'
host_os='linux-gnu'
host_vendor='pc'
htmldir='${docdir}'
includedir='${prefix}/include'
infodir='${datarootdir}/info'
install_sh='${SHELL} /usr/src/winremote/install-sh'
libdir='${exec_prefix}/lib'
libexecdir='${exec_prefix}/libexec'
localedir='${datarootdir}/locale'
localstatedir='${prefix}/var'
mandir='${datarootdir}/man'
mkdir_p='$(MKDIR_P)'
oldincludedir='/usr/include'
pdfdir='${docdir}'
prefix='/usr/local'
program_transform_name='s,x,x,'
psdir='${docdir}'
runstatedir='${localstatedir}/run'
sbindir='${exec_prefix}/sbin'
sharedstatedir='${prefix}/com'
sysconfdir='${prefix}/etc'
target_alias=''

## ----------- ##
## confdefs.h. ##
## ----------- ##

/* confdefs.h */
#define PACKAGE_NAME "Samana Check WinRM"
#define PACKAGE_TARNAME "samana-check-winrm"
#define PACKAGE_VERSION "1.0"
#define PACKAGE_STRING "Samana Check WinRM 1.0"
#define PACKAGE_BUGREPORT "info@samanagroup.com"
#define PACKAGE_URL ""
#define PACKAGE "samana-check-winrm"
#define VERSION "1.0"
#define HAVE_LIBCRYPTO 1
#define HAVE_LIBCURL 1
#define HAVE_LIBGSSAPI_KRB5 1
#define HAVE_LIBUUID 1
#define HAVE_LIBXML2 1
#define HAVE_STDIO_H 1
#define HAVE_STDLIB_H 1
#define HAVE_STRING_H 1
#define HAVE_INTTYPES_H 1
#define HAVE_STDINT_H 1
#define HAVE_STRINGS_H 1
#define HAVE_SYS_STAT_H 1
#define HAVE_SYS_TYPES_H 1
#define HAVE_UNISTD_H 1
#define HAVE_SYS_TIME_H 1
#define STDC_HEADERS 1
#define HAVE_STDINT_H 1
#define HAVE_UNISTD_H 1
#define HAVE_GSSAPI_GSSAPI_NTLMSSP_H 1
#define HAVE_MALLOC 1
#define HAVE_ALARM 1
#define HAVE_REALLOC 1
#define HAVE_ALARM 1
#define HAVE_CLOCK_GETTIME 1
#define HAVE_GETTIMEOFDAY 1
#define HAVE_MEMSET 1
#define HAVE_REGCOMP 1
#define HAVE_SETLOCALE 1
#define HAVE_STRDUP 1
#define HAVE_STRNDUP 1
#define HAVE_STRPBRK 1
#define HAVE_STRTOL 1
#define HAVE_STRTOUL 1

configure: exit 0

## ---------------------- ##
## Running config.status. ##
## ---------------------- ##

This file was extended by Samana Check WinRM config.status 1.0, which was
generated by GNU Autoconf 2.71.  Invocation command line was

  CONFIG_FILES    = 
  CONFIG_HEADERS  = 
  CONFIG_LINKS    = 
  CONFIG_COMMANDS = 
  $ ./config.status src/Makefile depfiles

on b61af55cb7ef

config.status:882: creating src/Makefile
config.status:1111: executing depfiles commands
config.status:1188: cd src       && sed -e '/# am--include-marker/d' Makefile         | make -f - am--depfiles
make[2]: Entering directory '/usr/src/winremote/src'
make[2]: Nothing to be done for 'am--depfiles'.
make[2]: Leaving directory '/usr/src/winremote/src'
config.status:1193: $? = 0
